#
# There is insufficient memory for the Java Runtime Environment to continue.
# Native memory allocation (mmap) failed to map 65536 bytes for Failed to commit metaspace.
# Possible reasons:
#   The system is out of physical RAM or swap space
#   The process is running with CompressedOops enabled, and the Java Heap may be blocking the growth of the native heap
# Possible solutions:
#   Reduce memory load on the system
#   Increase physical memory or swap space
#   Check if swap backing store is full
#   Decrease Java heap size (-Xmx/-Xms)
#   Decrease number of Java threads
#   Decrease Java thread stack sizes (-Xss)
#   Set larger code cache with -XX:ReservedCodeCacheSize=
#   JVM is running with Unscaled Compressed Oops mode in which the Java heap is
#     placed in the first 4GB address space. The Java Heap base address is the
#     maximum limit for the native heap growth. Please use -XX:HeapBaseMinAddress
#     to set the Java Heap base and to place the Java Heap above 4GB virtual address.
# This output file may be truncated or incomplete.
#
#  Out of Memory Error (virtualSpaceNode.cpp:110), pid=9852, tid=7732
#
# JRE version: OpenJDK Runtime Environment Temurin-17.0.1+12 (17.0.1+12) (build 17.0.1+12)
# Java VM: OpenJDK 64-Bit Server VM Temurin-17.0.1+12 (17.0.1+12, mixed mode, emulated-client, tiered, compressed oops, compressed class ptrs, g1 gc, windows-amd64)
# No core dump will be written. Minidumps are not enabled by default on client versions of Windows
#

---------------  S U M M A R Y ------------

Command Line: -Dcom.sun.management.jmxremote -Dcom.sun.management.jmxremote.port=64812 -Dcom.sun.management.jmxremote.authenticate=false -Dcom.sun.management.jmxremote.ssl=false -Djava.rmi.server.hostname=localhost -Dspring.jmx.enabled=true -Dspring.application.admin.enabled=true -XX:TieredStopAtLevel=1 -Dspring.boot.project.name=bpoBackend -Dfile.encoding=UTF-8 -XX:+ShowCodeDetailsInExceptionMessages com.bpoBackend.BpoBackendApplication --spring.output.ansi.enabled=always

Host: Intel(R) Core(TM) i3-5015U CPU @ 2.10GHz, 4 cores, 3G,  Windows 10 , 64 bit Build 19041 (10.0.19041.1348)
Time: Mon Jan 10 15:31:33 2022 India Standard Time elapsed time: 894.531643 seconds (0d 0h 14m 54s)

---------------  T H R E A D  ---------------

Current thread (0x0000026b60f853c0):  JavaThread "http-nio-8080-Acceptor" daemon [_thread_in_vm, id=7732, stack(0x000000b53bf00000,0x000000b53c000000)]

Stack: [0x000000b53bf00000,0x000000b53c000000]
Native frames: (J=compiled Java code, j=interpreted, Vv=VM code, C=native code)
V  [jvm.dll+0x6744da]
V  [jvm.dll+0x82e144]
V  [jvm.dll+0x82f8ee]
V  [jvm.dll+0x82ff53]
V  [jvm.dll+0x245175]
V  [jvm.dll+0x82a0eb]
V  [jvm.dll+0x619566]
V  [jvm.dll+0x6195ca]
V  [jvm.dll+0x61bdea]
V  [jvm.dll+0x619f06]
V  [jvm.dll+0x623b87]
V  [jvm.dll+0x1e9e4b]
V  [jvm.dll+0x1ea385]
V  [jvm.dll+0x1eadbf]
V  [jvm.dll+0x1e0261]
V  [jvm.dll+0x53b150]
V  [jvm.dll+0x1f0a57]
V  [jvm.dll+0x7a87ab]
V  [jvm.dll+0x7a9b52]
V  [jvm.dll+0x7a9e88]
V  [jvm.dll+0x23d45e]
V  [jvm.dll+0x23d6af]
V  [jvm.dll+0x558788]
V  [jvm.dll+0x55b5f0]
V  [jvm.dll+0x382617]
V  [jvm.dll+0x381c6f]
C  0x0000026b558591cc

Java frames: (J=compiled Java code, j=interpreted, Vv=VM code)
j  sun.nio.ch.SocketChannelImpl.socket()Ljava/net/Socket;+23 java.base@17.0.1
j  org.apache.tomcat.util.net.NioEndpoint.setSocketOptions(Ljava/nio/channels/SocketChannel;)Z+139
j  org.apache.tomcat.util.net.NioEndpoint.setSocketOptions(Ljava/lang/Object;)Z+5
j  org.apache.tomcat.util.net.Acceptor.run()V+203
j  java.lang.Thread.run()V+11 java.base@17.0.1
v  ~StubRoutines::call_stub

---------------  P R O C E S S  ---------------

Threads class SMR info:
_java_thread_list=0x0000026b60cdcb70, length=24, elements={
0x0000026b5d017090, 0x0000026b5d01c590, 0x0000026b5d072390, 0x0000026b5d074d60,
0x0000026b5d075620, 0x0000026b5d075ee0, 0x0000026b5d0767a0, 0x0000026b5d0a8760,
0x0000026b5dca9fe0, 0x0000026b5dd535c0, 0x0000026b5e219440, 0x0000026b5e2a59a0,
0x0000026b5e29a0c0, 0x0000026b5e385010, 0x0000026b5e3854e0, 0x0000026b5e3859b0,
0x0000026b5e50a3c0, 0x0000026b607a0540, 0x0000026b607a0a10, 0x0000026b607a1880,
0x0000026b607a0070, 0x0000026b607a0ee0, 0x0000026b60f853c0, 0x0000026b60f870a0
}

Java Threads: ( => current thread )
  0x0000026b5d017090 JavaThread "Reference Handler" daemon [_thread_blocked, id=11968, stack(0x000000b539e00000,0x000000b539f00000)]
  0x0000026b5d01c590 JavaThread "Finalizer" daemon [_thread_blocked, id=12584, stack(0x000000b539f00000,0x000000b53a000000)]
  0x0000026b5d072390 JavaThread "Signal Dispatcher" daemon [_thread_blocked, id=7448, stack(0x000000b53a000000,0x000000b53a100000)]
  0x0000026b5d074d60 JavaThread "Attach Listener" daemon [_thread_blocked, id=8872, stack(0x000000b53a100000,0x000000b53a200000)]
  0x0000026b5d075620 JavaThread "Service Thread" daemon [_thread_blocked, id=4272, stack(0x000000b53a200000,0x000000b53a300000)]
  0x0000026b5d075ee0 JavaThread "Monitor Deflation Thread" daemon [_thread_blocked, id=10312, stack(0x000000b53a300000,0x000000b53a400000)]
  0x0000026b5d0767a0 JavaThread "C1 CompilerThread0" daemon [_thread_blocked, id=11292, stack(0x000000b53a400000,0x000000b53a500000)]
  0x0000026b5d0a8760 JavaThread "Sweeper thread" daemon [_thread_blocked, id=948, stack(0x000000b53a500000,0x000000b53a600000)]
  0x0000026b5dca9fe0 JavaThread "Common-Cleaner" daemon [_thread_blocked, id=8752, stack(0x000000b53a600000,0x000000b53a700000)]
  0x0000026b5dd535c0 JavaThread "Notification Thread" daemon [_thread_blocked, id=2596, stack(0x000000b53a700000,0x000000b53a800000)]
  0x0000026b5e219440 JavaThread "RMI TCP Accept-0" daemon [_thread_in_native, id=3700, stack(0x000000b53a800000,0x000000b53a900000)]
  0x0000026b5e2a59a0 JavaThread "RMI TCP Accept-64812" daemon [_thread_in_native, id=11204, stack(0x000000b53aa00000,0x000000b53ab00000)]
  0x0000026b5e29a0c0 JavaThread "RMI TCP Accept-0" daemon [_thread_in_native, id=5248, stack(0x000000b53ab00000,0x000000b53ac00000)]
  0x0000026b5e385010 JavaThread "Catalina-utility-1" [_thread_blocked, id=6820, stack(0x000000b53a900000,0x000000b53aa00000)]
  0x0000026b5e3854e0 JavaThread "Catalina-utility-2" [_thread_blocked, id=9576, stack(0x000000b53b200000,0x000000b53b300000)]
  0x0000026b5e3859b0 JavaThread "container-0" [_thread_blocked, id=7316, stack(0x000000b53b300000,0x000000b53b400000)]
  0x0000026b5e50a3c0 JavaThread "mysql-cj-abandoned-connection-cleanup" daemon [_thread_blocked, id=3832, stack(0x000000b53b700000,0x000000b53b800000)]
  0x0000026b607a0540 JavaThread "HikariPool-1 housekeeper" daemon [_thread_blocked, id=1856, stack(0x000000b53b900000,0x000000b53ba00000)]
  0x0000026b607a0a10 JavaThread "RMI Scheduler(0)" daemon [_thread_blocked, id=10824, stack(0x000000b539600000,0x000000b539700000)]
  0x0000026b607a1880 JavaThread "RMI TCP Connection(idle)" daemon [_thread_blocked, id=1716, stack(0x000000b53ba00000,0x000000b53bb00000)]
  0x0000026b607a0070 JavaThread "JMX server connection timeout 30" daemon [_thread_blocked, id=12784, stack(0x000000b53bb00000,0x000000b53bc00000)]
  0x0000026b607a0ee0 JavaThread "http-nio-8080-Poller" daemon [_thread_in_native, id=6480, stack(0x000000b53be00000,0x000000b53bf00000)]
=>0x0000026b60f853c0 JavaThread "http-nio-8080-Acceptor" daemon [_thread_in_vm, id=7732, stack(0x000000b53bf00000,0x000000b53c000000)]
  0x0000026b60f870a0 JavaThread "DestroyJavaVM" [_thread_blocked, id=11428, stack(0x000000b539700000,0x000000b539800000)]

Other Threads:
  0x0000026b5224bf20 VMThread "VM Thread" [stack: 0x000000b539d00000,0x000000b539e00000] [id=7016]
  0x0000026b5e29c6e0 WatcherThread [stack: 0x000000b53ac00000,0x000000b53ad00000] [id=8088]
  0x0000026b521c9860 GCTaskThread "GC Thread#0" [stack: 0x000000b539800000,0x000000b539900000] [id=13856]
  0x0000026b5e3e4080 GCTaskThread "GC Thread#1" [stack: 0x000000b53ad00000,0x000000b53ae00000] [id=9984]
  0x0000026b5e42a100 GCTaskThread "GC Thread#2" [stack: 0x000000b53ae00000,0x000000b53af00000] [id=11124]
  0x0000026b5e42a3b0 GCTaskThread "GC Thread#3" [stack: 0x000000b53af00000,0x000000b53b000000] [id=9824]
  0x0000026b521d2290 ConcurrentGCThread "G1 Main Marker" [stack: 0x000000b539900000,0x000000b539a00000] [id=968]
  0x0000026b521d31f0 ConcurrentGCThread "G1 Conc#0" [stack: 0x000000b539a00000,0x000000b539b00000] [id=10884]
  0x0000026b52220380 ConcurrentGCThread "G1 Refine#0" [stack: 0x000000b539b00000,0x000000b539c00000] [id=12092]
  0x0000026b5e3f6790 ConcurrentGCThread "G1 Refine#1" [stack: 0x000000b53b000000,0x000000b53b100000] [id=10776]
  0x0000026b5e3e4330 ConcurrentGCThread "G1 Refine#2" [stack: 0x000000b53b100000,0x000000b53b200000] [id=9376]
  0x0000026b6026d010 ConcurrentGCThread "G1 Refine#3" [stack: 0x000000b53b400000,0x000000b53b500000] [id=13380]
  0x0000026b52222300 ConcurrentGCThread "G1 Service" [stack: 0x000000b539c00000,0x000000b539d00000] [id=2008]

Threads with active compile tasks:

VM state: not at safepoint (normal execution)

VM Mutex/Monitor currently owned by a thread:  ([mutex/lock_event])
[0x0000026b52194c20] Metaspace_lock - owner thread: 0x0000026b60f853c0

Heap address: 0x00000000c1600000, size: 1002 MB, Compressed Oops mode: 32-bit

CDS archive(s) not mapped
Compressed class space mapped at: 0x0000000100000000-0x0000000140000000, reserved size: 1073741824
Narrow klass base: 0x0000000000000000, Narrow klass shift: 3, Narrow klass range: 0x140000000

GC Precious Log:
 CPUs: 4 total, 4 available
 Memory: 4005M
 Large Page Support: Disabled
 NUMA Support: Disabled
 Compressed Oops: Enabled (32-bit)
 Heap Region Size: 1M
 Heap Min Capacity: 8M
 Heap Initial Capacity: 64M
 Heap Max Capacity: 1002M
 Pre-touch: Disabled
 Parallel Workers: 4
 Concurrent Workers: 1
 Concurrent Refinement Workers: 4
 Periodic GC: Disabled

Heap:
 garbage-first heap   total 65536K, used 40555K [0x00000000c1600000, 0x0000000100000000)
  region size 1024K, 24 young (24576K), 5 survivors (5120K)
 Metaspace       used 57656K, committed 58048K, reserved 1105920K
  class space    used 7785K, committed 8000K, reserved 1048576K

Heap Regions: E=young(eden), S=young(survivor), O=old, HS=humongous(starts), HC=humongous(continues), CS=collection set, F=free, OA=open archive, CA=closed archive, TAMS=top-at-mark-start (previous, next)
|   0|0x00000000c1600000, 0x00000000c1700000, 0x00000000c1700000|100%|HS|  |TAMS 0x00000000c1700000, 0x00000000c1600000| Complete 
|   1|0x00000000c1700000, 0x00000000c1800000, 0x00000000c1800000|100%| O|  |TAMS 0x00000000c1800000, 0x00000000c1700000| Untracked 
|   2|0x00000000c1800000, 0x00000000c1900000, 0x00000000c1900000|100%| O|  |TAMS 0x00000000c1900000, 0x00000000c1800000| Untracked 
|   3|0x00000000c1900000, 0x00000000c1a00000, 0x00000000c1a00000|100%| O|  |TAMS 0x00000000c1a00000, 0x00000000c1900000| Untracked 
|   4|0x00000000c1a00000, 0x00000000c1b00000, 0x00000000c1b00000|100%| O|  |TAMS 0x00000000c1b00000, 0x00000000c1a00000| Untracked 
|   5|0x00000000c1b00000, 0x00000000c1c00000, 0x00000000c1c00000|100%| O|  |TAMS 0x00000000c1c00000, 0x00000000c1b00000| Untracked 
|   6|0x00000000c1c00000, 0x00000000c1ca1200, 0x00000000c1d00000| 62%| O|  |TAMS 0x00000000c1ca1200, 0x00000000c1c00000| Untracked 
|   7|0x00000000c1d00000, 0x00000000c1e00000, 0x00000000c1e00000|100%| O|  |TAMS 0x00000000c1e00000, 0x00000000c1d00000| Untracked 
|   8|0x00000000c1e00000, 0x00000000c1f00000, 0x00000000c1f00000|100%| O|  |TAMS 0x00000000c1f00000, 0x00000000c1e00000| Untracked 
|   9|0x00000000c1f00000, 0x00000000c2000000, 0x00000000c2000000|100%| O|  |TAMS 0x00000000c2000000, 0x00000000c1f00000| Untracked 
|  10|0x00000000c2000000, 0x00000000c2100000, 0x00000000c2100000|100%| O|  |TAMS 0x00000000c2100000, 0x00000000c2000000| Untracked 
|  11|0x00000000c2100000, 0x00000000c2200000, 0x00000000c2200000|100%| O|  |TAMS 0x00000000c2200000, 0x00000000c2100000| Untracked 
|  12|0x00000000c2200000, 0x00000000c2300000, 0x00000000c2300000|100%| O|  |TAMS 0x00000000c2300000, 0x00000000c2200000| Untracked 
|  13|0x00000000c2300000, 0x00000000c2400000, 0x00000000c2400000|100%| O|  |TAMS 0x00000000c2400000, 0x00000000c2300000| Untracked 
|  14|0x00000000c2400000, 0x00000000c24cda00, 0x00000000c2500000| 80%| O|  |TAMS 0x00000000c24cda00, 0x00000000c2400000| Untracked 
|  15|0x00000000c2500000, 0x00000000c2600000, 0x00000000c2600000|100%| O|  |TAMS 0x00000000c2500000, 0x00000000c2500000| Untracked 
|  16|0x00000000c2600000, 0x00000000c2700000, 0x00000000c2700000|100%| O|  |TAMS 0x00000000c2600000, 0x00000000c2600000| Untracked 
|  17|0x00000000c2700000, 0x00000000c272c208, 0x00000000c2800000| 17%| O|  |TAMS 0x00000000c2700000, 0x00000000c2700000| Untracked 
|  18|0x00000000c2800000, 0x00000000c2800000, 0x00000000c2900000|  0%| F|  |TAMS 0x00000000c2800000, 0x00000000c2800000| Untracked 
|  19|0x00000000c2900000, 0x00000000c2900000, 0x00000000c2a00000|  0%| F|  |TAMS 0x00000000c2900000, 0x00000000c2900000| Untracked 
|  20|0x00000000c2a00000, 0x00000000c2a00000, 0x00000000c2b00000|  0%| F|  |TAMS 0x00000000c2a00000, 0x00000000c2a00000| Untracked 
|  21|0x00000000c2b00000, 0x00000000c2b00000, 0x00000000c2c00000|  0%| F|  |TAMS 0x00000000c2b00000, 0x00000000c2b00000| Untracked 
|  22|0x00000000c2c00000, 0x00000000c2c00000, 0x00000000c2d00000|  0%| F|  |TAMS 0x00000000c2c00000, 0x00000000c2c00000| Untracked 
|  23|0x00000000c2d00000, 0x00000000c2d00000, 0x00000000c2e00000|  0%| F|  |TAMS 0x00000000c2d00000, 0x00000000c2d00000| Untracked 
|  24|0x00000000c2e00000, 0x00000000c2e00000, 0x00000000c2f00000|  0%| F|  |TAMS 0x00000000c2e00000, 0x00000000c2e00000| Untracked 
|  25|0x00000000c2f00000, 0x00000000c2f00000, 0x00000000c3000000|  0%| F|  |TAMS 0x00000000c2f00000, 0x00000000c2f00000| Untracked 
|  26|0x00000000c3000000, 0x00000000c3000000, 0x00000000c3100000|  0%| F|  |TAMS 0x00000000c3000000, 0x00000000c3000000| Untracked 
|  27|0x00000000c3100000, 0x00000000c3100000, 0x00000000c3200000|  0%| F|  |TAMS 0x00000000c3100000, 0x00000000c3100000| Untracked 
|  28|0x00000000c3200000, 0x00000000c3200000, 0x00000000c3300000|  0%| F|  |TAMS 0x00000000c3200000, 0x00000000c3200000| Untracked 
|  29|0x00000000c3300000, 0x00000000c3400000, 0x00000000c3400000|100%| S|CS|TAMS 0x00000000c3300000, 0x00000000c3300000| Complete 
|  30|0x00000000c3400000, 0x00000000c3500000, 0x00000000c3500000|100%| S|CS|TAMS 0x00000000c3400000, 0x00000000c3400000| Complete 
|  31|0x00000000c3500000, 0x00000000c3600000, 0x00000000c3600000|100%| S|CS|TAMS 0x00000000c3500000, 0x00000000c3500000| Complete 
|  32|0x00000000c3600000, 0x00000000c3700000, 0x00000000c3700000|100%| S|CS|TAMS 0x00000000c3600000, 0x00000000c3600000| Complete 
|  33|0x00000000c3700000, 0x00000000c3800000, 0x00000000c3800000|100%| S|CS|TAMS 0x00000000c3700000, 0x00000000c3700000| Complete 
|  34|0x00000000c3800000, 0x00000000c3800000, 0x00000000c3900000|  0%| F|  |TAMS 0x00000000c3800000, 0x00000000c3800000| Untracked 
|  35|0x00000000c3900000, 0x00000000c3900000, 0x00000000c3a00000|  0%| F|  |TAMS 0x00000000c3900000, 0x00000000c3900000| Untracked 
|  36|0x00000000c3a00000, 0x00000000c3a00000, 0x00000000c3b00000|  0%| F|  |TAMS 0x00000000c3a00000, 0x00000000c3a00000| Untracked 
|  37|0x00000000c3b00000, 0x00000000c3b00000, 0x00000000c3c00000|  0%| F|  |TAMS 0x00000000c3b00000, 0x00000000c3b00000| Untracked 
|  38|0x00000000c3c00000, 0x00000000c3c00000, 0x00000000c3d00000|  0%| F|  |TAMS 0x00000000c3c00000, 0x00000000c3c00000| Untracked 
|  39|0x00000000c3d00000, 0x00000000c3d00000, 0x00000000c3e00000|  0%| F|  |TAMS 0x00000000c3d00000, 0x00000000c3d00000| Untracked 
|  40|0x00000000c3e00000, 0x00000000c3e00000, 0x00000000c3f00000|  0%| F|  |TAMS 0x00000000c3e00000, 0x00000000c3e00000| Untracked 
|  41|0x00000000c3f00000, 0x00000000c3f00000, 0x00000000c4000000|  0%| F|  |TAMS 0x00000000c3f00000, 0x00000000c3f00000| Untracked 
|  42|0x00000000c4000000, 0x00000000c4000000, 0x00000000c4100000|  0%| F|  |TAMS 0x00000000c4000000, 0x00000000c4000000| Untracked 
|  43|0x00000000c4100000, 0x00000000c4100000, 0x00000000c4200000|  0%| F|  |TAMS 0x00000000c4100000, 0x00000000c4100000| Untracked 
|  44|0x00000000c4200000, 0x00000000c4200000, 0x00000000c4300000|  0%| F|  |TAMS 0x00000000c4200000, 0x00000000c4200000| Untracked 
|  45|0x00000000c4300000, 0x00000000c435ac40, 0x00000000c4400000| 35%| E|  |TAMS 0x00000000c4300000, 0x00000000c4300000| Complete 
|  46|0x00000000c4400000, 0x00000000c4500000, 0x00000000c4500000|100%| E|CS|TAMS 0x00000000c4400000, 0x00000000c4400000| Complete 
|  47|0x00000000c4500000, 0x00000000c4600000, 0x00000000c4600000|100%| E|CS|TAMS 0x00000000c4500000, 0x00000000c4500000| Complete 
|  48|0x00000000c4600000, 0x00000000c4700000, 0x00000000c4700000|100%| E|CS|TAMS 0x00000000c4600000, 0x00000000c4600000| Complete 
|  49|0x00000000c4700000, 0x00000000c4800000, 0x00000000c4800000|100%| E|CS|TAMS 0x00000000c4700000, 0x00000000c4700000| Complete 
|  50|0x00000000c4800000, 0x00000000c4900000, 0x00000000c4900000|100%| E|CS|TAMS 0x00000000c4800000, 0x00000000c4800000| Complete 
|  51|0x00000000c4900000, 0x00000000c4a00000, 0x00000000c4a00000|100%| E|CS|TAMS 0x00000000c4900000, 0x00000000c4900000| Complete 
|  52|0x00000000c4a00000, 0x00000000c4b00000, 0x00000000c4b00000|100%| E|CS|TAMS 0x00000000c4a00000, 0x00000000c4a00000| Complete 
|  53|0x00000000c4b00000, 0x00000000c4c00000, 0x00000000c4c00000|100%| E|CS|TAMS 0x00000000c4b00000, 0x00000000c4b00000| Complete 
|  54|0x00000000c4c00000, 0x00000000c4d00000, 0x00000000c4d00000|100%| E|CS|TAMS 0x00000000c4c00000, 0x00000000c4c00000| Complete 
|  55|0x00000000c4d00000, 0x00000000c4e00000, 0x00000000c4e00000|100%| E|CS|TAMS 0x00000000c4d00000, 0x00000000c4d00000| Complete 
|  56|0x00000000c4e00000, 0x00000000c4f00000, 0x00000000c4f00000|100%| E|CS|TAMS 0x00000000c4e00000, 0x00000000c4e00000| Complete 
|  57|0x00000000c4f00000, 0x00000000c5000000, 0x00000000c5000000|100%| E|CS|TAMS 0x00000000c4f00000, 0x00000000c4f00000| Complete 
|  58|0x00000000c5000000, 0x00000000c5100000, 0x00000000c5100000|100%| E|CS|TAMS 0x00000000c5000000, 0x00000000c5000000| Complete 
|  59|0x00000000c5100000, 0x00000000c5200000, 0x00000000c5200000|100%| E|CS|TAMS 0x00000000c5100000, 0x00000000c5100000| Complete 
|  60|0x00000000c5200000, 0x00000000c5300000, 0x00000000c5300000|100%| E|CS|TAMS 0x00000000c5200000, 0x00000000c5200000| Complete 
|  61|0x00000000c5300000, 0x00000000c5400000, 0x00000000c5400000|100%| E|CS|TAMS 0x00000000c5300000, 0x00000000c5300000| Complete 
|  62|0x00000000c5400000, 0x00000000c5500000, 0x00000000c5500000|100%| E|CS|TAMS 0x00000000c5400000, 0x00000000c5400000| Complete 
|  68|0x00000000c5a00000, 0x00000000c5b00000, 0x00000000c5b00000|100%| E|CS|TAMS 0x00000000c5a00000, 0x00000000c5a00000| Complete 

Card table byte_map: [0x0000026b58840000,0x0000026b58a40000] _byte_map_base: 0x0000026b58235000

Marking Bits (Prev, Next): (CMBitMap*) 0x0000026b521c9c60, (CMBitMap*) 0x0000026b521c9c20
 Prev Bits: [0x0000026b59bf0000, 0x0000026b5ab98000)
 Next Bits: [0x0000026b58c40000, 0x0000026b59be8000)

Polling page: 0x0000026b4ffe0000

Metaspace:

Usage:
  Non-class:     48.70 MB used.
      Class:      7.60 MB used.
       Both:     56.31 MB used.

Virtual space:
  Non-class space:       56.00 MB reserved,      48.88 MB ( 87%) committed,  7 nodes.
      Class space:        1.00 GB reserved,       7.81 MB ( <1%) committed,  1 nodes.
             Both:        1.05 GB reserved,      56.69 MB (  5%) committed. 

Chunk freelists:
   Non-Class:  2.58 MB
       Class:  235.00 KB
        Both:  2.81 MB

MaxMetaspaceSize: unlimited
CompressedClassSpaceSize: 1.00 GB
Initial GC threshold: 21.00 MB
Current GC threshold: 69.69 MB
CDS: off
MetaspaceReclaimPolicy: balanced
 - commit_granule_bytes: 65536.
 - commit_granule_words: 8192.
 - virtual_space_node_default_size: 1048576.
 - enlarge_chunks_in_place: 1.
 - new_chunks_are_fully_committed: 0.
 - uncommit_free_chunks: 1.
 - use_allocation_guard: 0.
 - handle_deallocations: 1.


Internal statistics:

num_allocs_failed_limit: 9.
num_arena_births: 504.
num_arena_deaths: 0.
num_vsnodes_births: 8.
num_vsnodes_deaths: 0.
num_space_committed: 907.
num_space_uncommitted: 0.
num_chunks_returned_to_freelist: 9.
num_chunks_taken_from_freelist: 2299.
num_chunk_merges: 9.
num_chunk_splits: 1612.
num_chunks_enlarged: 1243.
num_purges: 0.
num_inconsistent_stats: 0.

CodeCache: size=49152Kb used=8386Kb max_used=8582Kb free=40765Kb
 bounds [0x0000026b55840000, 0x0000026b560b0000, 0x0000026b58840000]
 total_blobs=5194 nmethods=4606 adapters=515
 compilation: enabled
              stopped_count=0, restarted_count=0
 full_count=0

Compilation events (20 events):
Event: 602.430 Thread 0x0000026b5d0767a0 4596   !   1       org.apache.catalina.core.ContainerBase::findChildren (42 bytes)
Event: 604.438 Thread 0x0000026b5d0767a0 nmethod 4596 0x0000026b55fc5690 code [0x0000026b55fc5840, 0x0000026b55fc5b38]
Event: 613.671 Thread 0x0000026b5d0767a0 4597       1       jdk.internal.loader.URLClassPath$FileLoader$1::getURL (5 bytes)
Event: 613.711 Thread 0x0000026b5d0767a0 nmethod 4597 0x0000026b55fc5390 code [0x0000026b55fc5520, 0x0000026b55fc55f8]
Event: 672.672 Thread 0x0000026b5d0767a0 4598       1       java.util.concurrent.atomic.AtomicIntegerFieldUpdater$AtomicIntegerFieldUpdaterImpl::accessCheck (17 bytes)
Event: 672.672 Thread 0x0000026b5d0767a0 nmethod 4598 0x0000026b55fc5010 code [0x0000026b55fc51a0, 0x0000026b55fc52a8]
Event: 672.878 Thread 0x0000026b5d0767a0 4601   !   1       org.apache.catalina.core.ContainerBase::getRealmInternal (38 bytes)
Event: 673.474 Thread 0x0000026b5d0767a0 nmethod 4601 0x0000026b55fc4890 code [0x0000026b55fc4a80, 0x0000026b55fc4d58]
Event: 682.937 Thread 0x0000026b5d0767a0 4603   !   1       org.apache.catalina.core.ContainerBase::getClusterInternal (38 bytes)
Event: 682.938 Thread 0x0000026b5d0767a0 nmethod 4603 0x0000026b55fc3d10 code [0x0000026b55fc3f00, 0x0000026b55fc41d8]
Event: 683.139 Thread 0x0000026b5d0767a0 4604   !   1       org.apache.catalina.core.ContainerBase$ContainerBackgroundProcessor::processChildren (202 bytes)
Event: 684.109 Thread 0x0000026b5d0767a0 nmethod 4604 0x0000026b55fc2310 code [0x0000026b55fc2600, 0x0000026b55fc33a8]
Event: 684.109 Thread 0x0000026b5d0767a0 4605   !   1       org.apache.catalina.core.ContainerBase::backgroundProcess (168 bytes)
Event: 685.659 Thread 0x0000026b5d0767a0 nmethod 4605 0x0000026b55fc1190 code [0x0000026b55fc1400, 0x0000026b55fc1d38]
Event: 735.422 Thread 0x0000026b5d0767a0 4608       1       java.nio.ByteBuffer::put (69 bytes)
Event: 735.693 Thread 0x0000026b5d0767a0 nmethod 4608 0x0000026b55fc0a90 code [0x0000026b55fc0c80, 0x0000026b55fc0f98]
Event: 735.693 Thread 0x0000026b5d0767a0 4609   !   1       java.nio.ByteBuffer::putArray (122 bytes)
Event: 735.840 Thread 0x0000026b5d0767a0 nmethod 4609 0x0000026b55fc0090 code [0x0000026b55fc0280, 0x0000026b55fc06b8]
Event: 878.517 Thread 0x0000026b5d0767a0 4611   !   1       org.apache.catalina.core.StandardContext::getLoader (38 bytes)
Event: 878.571 Thread 0x0000026b5d0767a0 nmethod 4611 0x0000026b55fbf910 code [0x0000026b55fbfb00, 0x0000026b55fbfdd8]

GC Heap History (20 events):
Event: 9.070 GC heap before
{Heap before GC invocations=8 (full 0):
 garbage-first heap   total 40960K, used 28043K [0x00000000c1600000, 0x0000000100000000)
  region size 1024K, 20 young (20480K), 2 survivors (2048K)
 Metaspace       used 25714K, committed 25984K, reserved 1073152K
  class space    used 3014K, committed 3136K, reserved 1048576K
}
Event: 9.073 GC heap after
{Heap after GC invocations=9 (full 0):
 garbage-first heap   total 40960K, used 10427K [0x00000000c1600000, 0x0000000100000000)
  region size 1024K, 2 young (2048K), 2 survivors (2048K)
 Metaspace       used 25714K, committed 25984K, reserved 1073152K
  class space    used 3014K, committed 3136K, reserved 1048576K
}
Event: 12.247 GC heap before
{Heap before GC invocations=9 (full 0):
 garbage-first heap   total 40960K, used 29883K [0x00000000c1600000, 0x0000000100000000)
  region size 1024K, 21 young (21504K), 2 survivors (2048K)
 Metaspace       used 27438K, committed 27712K, reserved 1081344K
  class space    used 3270K, committed 3392K, reserved 1048576K
}
Event: 12.256 GC heap after
{Heap after GC invocations=10 (full 0):
 garbage-first heap   total 40960K, used 11665K [0x00000000c1600000, 0x0000000100000000)
  region size 1024K, 3 young (3072K), 3 survivors (3072K)
 Metaspace       used 27438K, committed 27712K, reserved 1081344K
  class space    used 3270K, committed 3392K, reserved 1048576K
}
Event: 13.864 GC heap before
{Heap before GC invocations=10 (full 0):
 garbage-first heap   total 40960K, used 30097K [0x00000000c1600000, 0x0000000100000000)
  region size 1024K, 21 young (21504K), 3 survivors (3072K)
 Metaspace       used 30128K, committed 30336K, reserved 1081344K
  class space    used 3692K, committed 3776K, reserved 1048576K
}
Event: 13.877 GC heap after
{Heap after GC invocations=11 (full 0):
 garbage-first heap   total 40960K, used 12916K [0x00000000c1600000, 0x0000000100000000)
  region size 1024K, 3 young (3072K), 3 survivors (3072K)
 Metaspace       used 30128K, committed 30336K, reserved 1081344K
  class space    used 3692K, committed 3776K, reserved 1048576K
}
Event: 18.765 GC heap before
{Heap before GC invocations=11 (full 0):
 garbage-first heap   total 40960K, used 29300K [0x00000000c1600000, 0x0000000100000000)
  region size 1024K, 20 young (20480K), 3 survivors (3072K)
 Metaspace       used 33446K, committed 33728K, reserved 1081344K
  class space    used 4168K, committed 4288K, reserved 1048576K
}
Event: 18.781 GC heap after
{Heap after GC invocations=12 (full 0):
 garbage-first heap   total 40960K, used 14748K [0x00000000c1600000, 0x0000000100000000)
  region size 1024K, 3 young (3072K), 3 survivors (3072K)
 Metaspace       used 33446K, committed 33728K, reserved 1081344K
  class space    used 4168K, committed 4288K, reserved 1048576K
}
Event: 18.990 GC heap before
{Heap before GC invocations=12 (full 0):
 garbage-first heap   total 40960K, used 30108K [0x00000000c1600000, 0x0000000100000000)
  region size 1024K, 19 young (19456K), 3 survivors (3072K)
 Metaspace       used 33719K, committed 33984K, reserved 1081344K
  class space    used 4191K, committed 4288K, reserved 1048576K
}
Event: 19.000 GC heap after
{Heap after GC invocations=13 (full 0):
 garbage-first heap   total 40960K, used 15368K [0x00000000c1600000, 0x0000000100000000)
  region size 1024K, 1 young (1024K), 1 survivors (1024K)
 Metaspace       used 33719K, committed 33984K, reserved 1081344K
  class space    used 4191K, committed 4288K, reserved 1048576K
}
Event: 19.007 GC heap before
{Heap before GC invocations=13 (full 0):
 garbage-first heap   total 40960K, used 30728K [0x00000000c1600000, 0x0000000100000000)
  region size 1024K, 17 young (17408K), 1 survivors (1024K)
 Metaspace       used 33719K, committed 33984K, reserved 1081344K
  class space    used 4191K, committed 4288K, reserved 1048576K
}
Event: 19.008 GC heap after
{Heap after GC invocations=14 (full 0):
 garbage-first heap   total 40960K, used 15044K [0x00000000c1600000, 0x0000000100000000)
  region size 1024K, 1 young (1024K), 1 survivors (1024K)
 Metaspace       used 33719K, committed 33984K, reserved 1081344K
  class space    used 4191K, committed 4288K, reserved 1048576K
}
Event: 36.868 GC heap before
{Heap before GC invocations=14 (full 0):
 garbage-first heap   total 40960K, used 30404K [0x00000000c1600000, 0x0000000100000000)
  region size 1024K, 17 young (17408K), 1 survivors (1024K)
 Metaspace       used 34757K, committed 35072K, reserved 1081344K
  class space    used 4334K, committed 4480K, reserved 1048576K
}
Event: 36.871 GC heap after
{Heap after GC invocations=15 (full 0):
 garbage-first heap   total 70656K, used 15337K [0x00000000c1600000, 0x0000000100000000)
  region size 1024K, 1 young (1024K), 1 survivors (1024K)
 Metaspace       used 34757K, committed 35072K, reserved 1081344K
  class space    used 4334K, committed 4480K, reserved 1048576K
}
Event: 39.726 GC heap before
{Heap before GC invocations=15 (full 0):
 garbage-first heap   total 70656K, used 45033K [0x00000000c1600000, 0x0000000100000000)
  region size 1024K, 31 young (31744K), 1 survivors (1024K)
 Metaspace       used 42233K, committed 42560K, reserved 1089536K
  class space    used 5455K, committed 5632K, reserved 1048576K
}
Event: 39.732 GC heap after
{Heap after GC invocations=16 (full 0):
 garbage-first heap   total 70656K, used 17062K [0x00000000c1600000, 0x0000000100000000)
  region size 1024K, 3 young (3072K), 3 survivors (3072K)
 Metaspace       used 42233K, committed 42560K, reserved 1089536K
  class space    used 5455K, committed 5632K, reserved 1048576K
}
Event: 78.576 GC heap before
{Heap before GC invocations=17 (full 0):
 garbage-first heap   total 65536K, used 52902K [0x00000000c1600000, 0x0000000100000000)
  region size 1024K, 38 young (38912K), 3 survivors (3072K)
 Metaspace       used 51296K, committed 51584K, reserved 1097728K
  class space    used 6895K, committed 7040K, reserved 1048576K
}
Event: 78.584 GC heap after
{Heap after GC invocations=18 (full 0):
 garbage-first heap   total 65536K, used 19686K [0x00000000c1600000, 0x0000000100000000)
  region size 1024K, 5 young (5120K), 5 survivors (5120K)
 Metaspace       used 51296K, committed 51584K, reserved 1097728K
  class space    used 6895K, committed 7040K, reserved 1048576K
}
Event: 125.629 GC heap before
{Heap before GC invocations=18 (full 0):
 garbage-first heap   total 65536K, used 50406K [0x00000000c1600000, 0x0000000100000000)
  region size 1024K, 35 young (35840K), 5 survivors (5120K)
 Metaspace       used 55335K, committed 55808K, reserved 1097728K
  class space    used 7454K, committed 7680K, reserved 1048576K
}
Event: 125.644 GC heap after
{Heap after GC invocations=19 (full 0):
 garbage-first heap   total 65536K, used 22123K [0x00000000c1600000, 0x0000000100000000)
  region size 1024K, 5 young (5120K), 5 survivors (5120K)
 Metaspace       used 55335K, committed 55808K, reserved 1097728K
  class space    used 7454K, committed 7680K, reserved 1048576K
}

Deoptimization events (16 events):
Event: 1.608 Thread 0x0000026b52199d30 DEOPT PACKING pc=0x0000026b559e03f5 sp=0x000000b5397fd600
Event: 1.608 Thread 0x0000026b52199d30 DEOPT UNPACKING pc=0x0000026b55892b43 sp=0x000000b5397fca70 mode 3
Event: 7.543 Thread 0x0000026b52199d30 DEOPT PACKING pc=0x0000026b55d3e799 sp=0x000000b5397fd890
Event: 7.543 Thread 0x0000026b52199d30 DEOPT UNPACKING pc=0x0000026b55892b43 sp=0x000000b5397fcd70 mode 3
Event: 12.712 Thread 0x0000026b52199d30 DEOPT PACKING pc=0x0000026b55bc8314 sp=0x000000b5397fdc30
Event: 12.712 Thread 0x0000026b52199d30 DEOPT UNPACKING pc=0x0000026b55892b43 sp=0x000000b5397fd188 mode 0
Event: 13.413 Thread 0x0000026b52199d30 DEOPT PACKING pc=0x0000026b55edcff5 sp=0x000000b5397fd0e0
Event: 13.413 Thread 0x0000026b52199d30 DEOPT UNPACKING pc=0x0000026b55892b43 sp=0x000000b5397fc550 mode 3
Event: 39.431 Thread 0x0000026b52199d30 DEOPT PACKING pc=0x0000026b55da4a7d sp=0x000000b5397fa940
Event: 39.431 Thread 0x0000026b52199d30 DEOPT UNPACKING pc=0x0000026b55892b43 sp=0x000000b5397f9ea8 mode 3
Event: 42.326 Thread 0x0000026b52199d30 DEOPT PACKING pc=0x0000026b55d54b01 sp=0x000000b5397fdd60
Event: 42.326 Thread 0x0000026b52199d30 DEOPT UNPACKING pc=0x0000026b55892b43 sp=0x000000b5397fd1f0 mode 3
Event: 42.326 Thread 0x0000026b607a0540 DEOPT PACKING pc=0x0000026b55d06797 sp=0x000000b53b9ff0f0
Event: 42.326 Thread 0x0000026b607a0540 DEOPT UNPACKING pc=0x0000026b55892b43 sp=0x000000b53b9fe548 mode 3
Event: 124.343 Thread 0x0000026b52199d30 DEOPT PACKING pc=0x0000026b55d50942 sp=0x000000b5397fe250
Event: 124.344 Thread 0x0000026b52199d30 DEOPT UNPACKING pc=0x0000026b55892b43 sp=0x000000b5397fd758 mode 3

Classes unloaded (0 events):
No events

Classes redefined (0 events):
No events

Internal exceptions (20 events):
Event: 123.353 Thread 0x0000026b52199d30 Exception <a 'java/lang/NoSuchMethodError'{0x00000000c4761870}: 'int java.lang.invoke.DirectMethodHandle$Holder.invokeVirtual(java.lang.Object, java.lang.Object, java.lang.Object)'> (0x00000000c4761870) 
thrown [e:\jenkins\tmp\workspace\build\src\src\hotspot\share\interpreter\linkResolver.cpp, line 766]
Event: 123.741 Thread 0x0000026b52199d30 Exception <a 'java/lang/IncompatibleClassChangeError'{0x00000000c45399b8}: Found class java.lang.Object, but interface was expected> (0x00000000c45399b8) 
thrown [e:\jenkins\tmp\workspace\build\src\src\hotspot\share\interpreter\linkResolver.cpp, line 833]
Event: 124.417 Thread 0x0000026b52199d30 Exception <a 'java/lang/ClassNotFoundException'{0x00000000c3f7a5a0}: java/lang/ObjectCustomizer> (0x00000000c3f7a5a0) 
thrown [e:\jenkins\tmp\workspace\build\src\src\hotspot\share\classfile\systemDictionary.cpp, line 256]
Event: 124.418 Thread 0x0000026b52199d30 Exception <a 'java/lang/ClassNotFoundException'{0x00000000c3f82b78}: org/springframework/web/servlet/config/annotation/WebMvcConfigurationSupportCustomizer> (0x00000000c3f82b78) 
thrown [e:\jenkins\tmp\workspace\build\src\src\hotspot\share\classfile\systemDictionary.cpp, line 256]
Event: 124.420 Thread 0x0000026b52199d30 Exception <a 'java/lang/ClassNotFoundException'{0x00000000c3f974d0}: org/springframework/web/servlet/config/annotation/DelegatingWebMvcConfigurationCustomizer> (0x00000000c3f974d0) 
thrown [e:\jenkins\tmp\workspace\build\src\src\hotspot\share\classfile\systemDictionary.cpp, line 256]
Event: 124.421 Thread 0x0000026b52199d30 Exception <a 'java/lang/ClassNotFoundException'{0x00000000c3fa1140}: org/springframework/boot/autoconfigure/web/servlet/WebMvcAutoConfiguration$EnableWebMvcConfigurationCustomizer> (0x00000000c3fa1140) 
thrown [e:\jenkins\tmp\workspace\build\src\src\hotspot\share\classfile\systemDictionary.cpp, line 256]
Event: 124.422 Thread 0x0000026b52199d30 Exception <a 'java/lang/ClassNotFoundException'{0x00000000c3fb4f70}: org/springframework/context/ResourceLoaderAwareCustomizer> (0x00000000c3fb4f70) 
thrown [e:\jenkins\tmp\workspace\build\src\src\hotspot\share\classfile\systemDictionary.cpp, line 256]
Event: 124.423 Thread 0x0000026b52199d30 Exception <a 'java/lang/ClassNotFoundException'{0x00000000c3fba5b8}: org/springframework/beans/factory/AwareCustomizer> (0x00000000c3fba5b8) 
thrown [e:\jenkins\tmp\workspace\build\src\src\hotspot\share\classfile\systemDictionary.cpp, line 256]
Event: 124.423 Thread 0x0000026b52199d30 Exception <a 'java/lang/ClassNotFoundException'{0x00000000c3fbeff0}: org/springframework/context/ApplicationContextAwareCustomizer> (0x00000000c3fbeff0) 
thrown [e:\jenkins\tmp\workspace\build\src\src\hotspot\share\classfile\systemDictionary.cpp, line 256]
Event: 124.424 Thread 0x0000026b52199d30 Exception <a 'java/lang/ClassNotFoundException'{0x00000000c3fc5128}: org/springframework/beans/factory/AwareCustomizer> (0x00000000c3fc5128) 
thrown [e:\jenkins\tmp\workspace\build\src\src\hotspot\share\classfile\systemDictionary.cpp, line 256]
Event: 124.425 Thread 0x0000026b52199d30 Exception <a 'java/lang/ClassNotFoundException'{0x00000000c3fc9b38}: org/springframework/web/context/ServletContextAwareCustomizer> (0x00000000c3fc9b38) 
thrown [e:\jenkins\tmp\workspace\build\src\src\hotspot\share\classfile\systemDictionary.cpp, line 256]
Event: 124.426 Thread 0x0000026b52199d30 Exception <a 'java/lang/ClassNotFoundException'{0x00000000c3fcf5b8}: org/springframework/beans/factory/AwareCustomizer> (0x00000000c3fcf5b8) 
thrown [e:\jenkins\tmp\workspace\build\src\src\hotspot\share\classfile\systemDictionary.cpp, line 256]
Event: 125.478 Thread 0x0000026b52199d30 Exception <a 'java/lang/NoSuchMethodError'{0x00000000c3855480}: 'void java.lang.invoke.DirectMethodHandle$Holder.invokeVirtual(java.lang.Object, java.lang.Object, int)'> (0x00000000c3855480) 
thrown [e:\jenkins\tmp\workspace\build\src\src\hotspot\share\interpreter\linkResolver.cpp, line 766]
Event: 125.485 Thread 0x0000026b52199d30 Exception <a 'java/lang/NoSuchMethodError'{0x00000000c386ffd8}: 'void java.lang.invoke.DirectMethodHandle$Holder.invokeVirtual(java.lang.Object, java.lang.Object, long)'> (0x00000000c386ffd8) 
thrown [e:\jenkins\tmp\workspace\build\src\src\hotspot\share\interpreter\linkResolver.cpp, line 766]
Event: 129.005 Thread 0x0000026b52199d30 Exception <a 'java/lang/IncompatibleClassChangeError'{0x00000000c509eab0}: Found class java.lang.Object, but interface was expected> (0x00000000c509eab0) 
thrown [e:\jenkins\tmp\workspace\build\src\src\hotspot\share\interpreter\linkResolver.cpp, line 833]
Event: 129.554 Thread 0x0000026b52199d30 Exception <a 'java/lang/NoSuchMethodError'{0x00000000c4e26978}: 'int java.lang.invoke.DirectMethodHandle$Holder.invokeStaticInit(java.lang.Object, java.lang.Object, java.lang.Object, java.lang.Object)'> (0x00000000c4e26978) 
thrown [e:\jenkins\tmp\workspace\build\src\src\hotspot\share\interpreter\linkResolver.cpp, line 766]
Event: 130.820 Thread 0x0000026b52199d30 Exception <a 'java/lang/NoSuchMethodError'{0x00000000c49c67b0}: 'java.lang.Object java.lang.invoke.DirectMethodHandle$Holder.invokeSpecial(java.lang.Object, java.lang.Object, int, java.lang.Object, int, java.lang.Object)'> (0x00000000c49c67b0) 
thrown [e:\jenkins\tmp\workspace\build\src\src\hotspot\share\interpreter\linkResolver.cpp, line 766]
Event: 130.821 Thread 0x0000026b52199d30 Exception <a 'java/lang/NoSuchMethodError'{0x00000000c49ce5b0}: 'java.lang.Object java.lang.invoke.DirectMethodHandle$Holder.newInvokeSpecial(java.lang.Object, java.lang.Object, int, java.lang.Object, int)'> (0x00000000c49ce5b0) 
thrown [e:\jenkins\tmp\workspace\build\src\src\hotspot\share\interpreter\linkResolver.cpp, line 766]
Event: 130.821 Thread 0x0000026b52199d30 Exception <a 'java/lang/NoSuchMethodError'{0x00000000c49d26b0}: 'java.lang.Object java.lang.invoke.DirectMethodHandle$Holder.invokeSpecial(java.lang.Object, java.lang.Object, java.lang.Object, int, java.lang.Object, int)'> (0x00000000c49d26b0) 
thrown [e:\jenkins\tmp\workspace\build\src\src\hotspot\share\interpreter\linkResolver.cpp, line 766]
Event: 130.824 Thread 0x0000026b52199d30 Exception <a 'java/lang/NoSuchMethodError'{0x00000000c49dcaf0}: 'void java.lang.invoke.DirectMethodHandle$Holder.invokeVirtual(java.lang.Object, java.lang.Object)'> (0x00000000c49dcaf0) 
thrown [e:\jenkins\tmp\workspace\build\src\src\hotspot\share\interpreter\linkResolver.cpp, line 766]

VM Operations (20 events):
Event: 167.468 Executing VM operation: Cleanup
Event: 167.468 Executing VM operation: Cleanup done
Event: 268.019 Executing VM operation: Cleanup
Event: 268.019 Executing VM operation: Cleanup done
Event: 297.159 Executing VM operation: Cleanup
Event: 297.159 Executing VM operation: Cleanup done
Event: 298.174 Executing VM operation: Cleanup
Event: 298.174 Executing VM operation: Cleanup done
Event: 313.246 Executing VM operation: Cleanup
Event: 313.246 Executing VM operation: Cleanup done
Event: 315.257 Executing VM operation: Cleanup
Event: 315.257 Executing VM operation: Cleanup done
Event: 334.345 Executing VM operation: Cleanup
Event: 334.345 Executing VM operation: Cleanup done
Event: 619.732 Executing VM operation: Cleanup
Event: 619.732 Executing VM operation: Cleanup done
Event: 694.239 Executing VM operation: Cleanup
Event: 694.239 Executing VM operation: Cleanup done
Event: 740.539 Executing VM operation: Cleanup
Event: 740.747 Executing VM operation: Cleanup done

Events (20 events):
Event: 225.050 Thread 0x0000026b60f888b0 Thread exited: 0x0000026b60f888b0
Event: 876.596 loading class java/nio/BufferOverflowException
Event: 877.180 loading class java/nio/BufferOverflowException done
Event: 879.636 loading class java/nio/channels/ReadPendingException
Event: 879.705 loading class java/nio/channels/ReadPendingException done
Event: 879.748 loading class java/nio/channels/WritePendingException
Event: 879.767 loading class java/nio/channels/WritePendingException done
Event: 881.445 loading class java/nio/channels/ClosedChannelException
Event: 881.483 loading class java/nio/channels/ClosedChannelException done
Event: 883.061 loading class java/util/concurrent/LinkedBlockingDeque
Event: 883.695 loading class java/util/concurrent/BlockingDeque
Event: 884.710 loading class java/util/concurrent/BlockingDeque done
Event: 884.710 loading class java/util/concurrent/LinkedBlockingDeque done
Event: 884.839 loading class java/util/concurrent/Semaphore
Event: 885.101 loading class java/util/concurrent/Semaphore done
Event: 885.101 loading class java/util/concurrent/Semaphore$NonfairSync
Event: 885.425 loading class java/util/concurrent/Semaphore$Sync
Event: 886.657 loading class java/util/concurrent/Semaphore$Sync done
Event: 886.657 loading class java/util/concurrent/Semaphore$NonfairSync done
Event: 886.668 loading class sun/nio/ch/SocketAdaptor


Dynamic libraries:
0x00007ff672d20000 - 0x00007ff672d2e000 	C:\Users\Vinayak\Downloads\sts-4.13.0.RELEASE\plugins\org.eclipse.justj.openjdk.hotspot.jre.full.win32.x86_64_17.0.1.v20211116-1657\jre\bin\javaw.exe
0x00007ffc3bdd0000 - 0x00007ffc3bfc5000 	C:\WINDOWS\SYSTEM32\ntdll.dll
0x00007ffc3a450000 - 0x00007ffc3a50e000 	C:\WINDOWS\System32\KERNEL32.DLL
0x00007ffc39a30000 - 0x00007ffc39cf8000 	C:\WINDOWS\System32\KERNELBASE.dll
0x00007ffc39930000 - 0x00007ffc39a30000 	C:\WINDOWS\System32\ucrtbase.dll
0x00007ffc29da0000 - 0x00007ffc29db8000 	C:\Users\Vinayak\Downloads\sts-4.13.0.RELEASE\plugins\org.eclipse.justj.openjdk.hotspot.jre.full.win32.x86_64_17.0.1.v20211116-1657\jre\bin\jli.dll
0x00007ffc3a590000 - 0x00007ffc3a731000 	C:\WINDOWS\System32\USER32.dll
0x00007ffc39d00000 - 0x00007ffc39d22000 	C:\WINDOWS\System32\win32u.dll
0x00007ffc3aae0000 - 0x00007ffc3ab0b000 	C:\WINDOWS\System32\GDI32.dll
0x00007ffc39820000 - 0x00007ffc3992d000 	C:\WINDOWS\System32\gdi32full.dll
0x00007ffc396d0000 - 0x00007ffc3976d000 	C:\WINDOWS\System32\msvcp_win.dll
0x00007ffc33a50000 - 0x00007ffc33a69000 	C:\Users\Vinayak\Downloads\sts-4.13.0.RELEASE\plugins\org.eclipse.justj.openjdk.hotspot.jre.full.win32.x86_64_17.0.1.v20211116-1657\jre\bin\VCRUNTIME140.dll
0x00007ffc2c6d0000 - 0x00007ffc2c96a000 	C:\WINDOWS\WinSxS\amd64_microsoft.windows.common-controls_6595b64144ccf1df_6.0.19041.1110_none_60b5254171f9507e\COMCTL32.dll
0x00007ffc3bcf0000 - 0x00007ffc3bd8e000 	C:\WINDOWS\System32\msvcrt.dll
0x00007ffc3aca0000 - 0x00007ffc3acd0000 	C:\WINDOWS\System32\IMM32.DLL
0x00007ffc34fb0000 - 0x00007ffc34fbc000 	C:\Users\Vinayak\Downloads\sts-4.13.0.RELEASE\plugins\org.eclipse.justj.openjdk.hotspot.jre.full.win32.x86_64_17.0.1.v20211116-1657\jre\bin\vcruntime140_1.dll
0x00007ffc1c590000 - 0x00007ffc1c621000 	C:\Users\Vinayak\Downloads\sts-4.13.0.RELEASE\plugins\org.eclipse.justj.openjdk.hotspot.jre.full.win32.x86_64_17.0.1.v20211116-1657\jre\bin\msvcp140.dll
0x00007ffc00ce0000 - 0x00007ffc01926000 	C:\Users\Vinayak\Downloads\sts-4.13.0.RELEASE\plugins\org.eclipse.justj.openjdk.hotspot.jre.full.win32.x86_64_17.0.1.v20211116-1657\jre\bin\server\jvm.dll
0x00007ffc3bc40000 - 0x00007ffc3bcec000 	C:\WINDOWS\System32\ADVAPI32.dll
0x00007ffc39e70000 - 0x00007ffc39f0b000 	C:\WINDOWS\System32\sechost.dll
0x00007ffc3b1c0000 - 0x00007ffc3b2ea000 	C:\WINDOWS\System32\RPCRT4.dll
0x00007ffc3aa60000 - 0x00007ffc3aa68000 	C:\WINDOWS\System32\PSAPI.DLL
0x00007ffc27df0000 - 0x00007ffc27df9000 	C:\WINDOWS\SYSTEM32\WSOCK32.dll
0x00007ffc3aa70000 - 0x00007ffc3aadb000 	C:\WINDOWS\System32\WS2_32.dll
0x00007ffc2a020000 - 0x00007ffc2a047000 	C:\WINDOWS\SYSTEM32\WINMM.dll
0x00007ffc2deb0000 - 0x00007ffc2deba000 	C:\WINDOWS\SYSTEM32\VERSION.dll
0x00007ffc373d0000 - 0x00007ffc373e2000 	C:\WINDOWS\SYSTEM32\kernel.appcore.dll
0x00007ffc2a010000 - 0x00007ffc2a01a000 	C:\Users\Vinayak\Downloads\sts-4.13.0.RELEASE\plugins\org.eclipse.justj.openjdk.hotspot.jre.full.win32.x86_64_17.0.1.v20211116-1657\jre\bin\jimage.dll
0x00007ffc27270000 - 0x00007ffc27454000 	C:\WINDOWS\SYSTEM32\DBGHELP.DLL
0x00007ffc271b0000 - 0x00007ffc271dc000 	C:\WINDOWS\SYSTEM32\dbgcore.DLL
0x00007ffc39d80000 - 0x00007ffc39e02000 	C:\WINDOWS\System32\bcryptPrimitives.dll
0x00007ffc18970000 - 0x00007ffc18995000 	C:\Users\Vinayak\Downloads\sts-4.13.0.RELEASE\plugins\org.eclipse.justj.openjdk.hotspot.jre.full.win32.x86_64_17.0.1.v20211116-1657\jre\bin\java.dll
0x00007ffc20c40000 - 0x00007ffc20c58000 	C:\Users\Vinayak\Downloads\sts-4.13.0.RELEASE\plugins\org.eclipse.justj.openjdk.hotspot.jre.full.win32.x86_64_17.0.1.v20211116-1657\jre\bin\zip.dll
0x00007ffc3b4f0000 - 0x00007ffc3bc34000 	C:\WINDOWS\System32\SHELL32.dll
0x00007ffc375d0000 - 0x00007ffc37d64000 	C:\WINDOWS\SYSTEM32\windows.storage.dll
0x00007ffc3ace0000 - 0x00007ffc3b035000 	C:\WINDOWS\System32\combase.dll
0x00007ffc38e60000 - 0x00007ffc38e8e000 	C:\WINDOWS\SYSTEM32\Wldp.dll
0x00007ffc3ab10000 - 0x00007ffc3abbd000 	C:\WINDOWS\System32\SHCORE.dll
0x00007ffc3b160000 - 0x00007ffc3b1b5000 	C:\WINDOWS\System32\shlwapi.dll
0x00007ffc39420000 - 0x00007ffc3943f000 	C:\WINDOWS\SYSTEM32\profapi.dll
0x00007ffc201b0000 - 0x00007ffc201c9000 	C:\Users\Vinayak\Downloads\sts-4.13.0.RELEASE\plugins\org.eclipse.justj.openjdk.hotspot.jre.full.win32.x86_64_17.0.1.v20211116-1657\jre\bin\net.dll
0x00007ffc32240000 - 0x00007ffc3234c000 	C:\WINDOWS\SYSTEM32\WINHTTP.dll
0x00007ffc38bc0000 - 0x00007ffc38c2a000 	C:\WINDOWS\system32\mswsock.dll
0x00007ffc19380000 - 0x00007ffc19395000 	C:\Users\Vinayak\Downloads\sts-4.13.0.RELEASE\plugins\org.eclipse.justj.openjdk.hotspot.jre.full.win32.x86_64_17.0.1.v20211116-1657\jre\bin\nio.dll
0x00007ffc33470000 - 0x00007ffc33479000 	C:\Users\Vinayak\Downloads\sts-4.13.0.RELEASE\plugins\org.eclipse.justj.openjdk.hotspot.jre.full.win32.x86_64_17.0.1.v20211116-1657\jre\bin\management.dll
0x00007ffc2fda0000 - 0x00007ffc2fdab000 	C:\Users\Vinayak\Downloads\sts-4.13.0.RELEASE\plugins\org.eclipse.justj.openjdk.hotspot.jre.full.win32.x86_64_17.0.1.v20211116-1657\jre\bin\management_ext.dll
0x00007ffc24a40000 - 0x00007ffc24a57000 	C:\WINDOWS\system32\napinsp.dll
0x00007ffc24a20000 - 0x00007ffc24a3b000 	C:\WINDOWS\system32\pnrpnsp.dll
0x00007ffc24a00000 - 0x00007ffc24a15000 	C:\WINDOWS\system32\wshbth.dll
0x00007ffc34ea0000 - 0x00007ffc34ebd000 	C:\WINDOWS\system32\NLAapi.dll
0x00007ffc388b0000 - 0x00007ffc388eb000 	C:\WINDOWS\SYSTEM32\IPHLPAPI.DLL
0x00007ffc388f0000 - 0x00007ffc389bb000 	C:\WINDOWS\SYSTEM32\DNSAPI.dll
0x00007ffc3acd0000 - 0x00007ffc3acd8000 	C:\WINDOWS\System32\NSI.dll
0x00007ffc249e0000 - 0x00007ffc249f2000 	C:\WINDOWS\System32\winrnr.dll
0x00007ffc2b1b0000 - 0x00007ffc2b1ba000 	C:\Windows\System32\rasadhlp.dll
0x00007ffc2b1d0000 - 0x00007ffc2b24f000 	C:\WINDOWS\System32\fwpuclnt.dll
0x00007ffc394e0000 - 0x00007ffc39507000 	C:\WINDOWS\System32\bcrypt.dll
0x00007ffc38db0000 - 0x00007ffc38dc8000 	C:\WINDOWS\SYSTEM32\CRYPTSP.dll
0x00007ffc38540000 - 0x00007ffc38574000 	C:\WINDOWS\system32\rsaenh.dll
0x00007ffc393a0000 - 0x00007ffc393ce000 	C:\WINDOWS\SYSTEM32\USERENV.dll
0x00007ffc38dd0000 - 0x00007ffc38ddc000 	C:\WINDOWS\SYSTEM32\CRYPTBASE.dll
0x00007ffc2f910000 - 0x00007ffc2f927000 	C:\WINDOWS\SYSTEM32\dhcpcsvc6.DLL
0x00007ffc2fd00000 - 0x00007ffc2fd1d000 	C:\WINDOWS\SYSTEM32\dhcpcsvc.DLL
0x00007ffc28720000 - 0x00007ffc28730000 	C:\Users\Vinayak\Downloads\sts-4.13.0.RELEASE\plugins\org.eclipse.justj.openjdk.hotspot.jre.full.win32.x86_64_17.0.1.v20211116-1657\jre\bin\verify.dll
0x00007ffc2fd90000 - 0x00007ffc2fd9e000 	C:\Users\Vinayak\Downloads\sts-4.13.0.RELEASE\plugins\org.eclipse.justj.openjdk.hotspot.jre.full.win32.x86_64_17.0.1.v20211116-1657\jre\bin\sunmscapi.dll
0x00007ffc39570000 - 0x00007ffc396c6000 	C:\WINDOWS\System32\CRYPT32.dll
0x00007ffc38ed0000 - 0x00007ffc38ef7000 	C:\WINDOWS\SYSTEM32\ncrypt.dll
0x00007ffc38e90000 - 0x00007ffc38ecb000 	C:\WINDOWS\SYSTEM32\NTASN1.dll
0x00007ffc36b80000 - 0x00007ffc36b87000 	C:\WINDOWS\system32\wshunix.dll

dbghelp: loaded successfully - version: 4.0.5 - missing functions: none
symbol engine: initialized successfully - sym options: 0x614 - pdb path: .;C:\Users\Vinayak\Downloads\sts-4.13.0.RELEASE\plugins\org.eclipse.justj.openjdk.hotspot.jre.full.win32.x86_64_17.0.1.v20211116-1657\jre\bin;C:\WINDOWS\SYSTEM32;C:\WINDOWS\WinSxS\amd64_microsoft.windows.common-controls_6595b64144ccf1df_6.0.19041.1110_none_60b5254171f9507e;C:\Users\Vinayak\Downloads\sts-4.13.0.RELEASE\plugins\org.eclipse.justj.openjdk.hotspot.jre.full.win32.x86_64_17.0.1.v20211116-1657\jre\bin\server

VM Arguments:
jvm_args: -Dcom.sun.management.jmxremote -Dcom.sun.management.jmxremote.port=64812 -Dcom.sun.management.jmxremote.authenticate=false -Dcom.sun.management.jmxremote.ssl=false -Djava.rmi.server.hostname=localhost -Dspring.jmx.enabled=true -Dspring.application.admin.enabled=true -XX:TieredStopAtLevel=1 -Dspring.boot.project.name=bpoBackend -Dfile.encoding=UTF-8 -XX:+ShowCodeDetailsInExceptionMessages 
java_command: com.bpoBackend.BpoBackendApplication --spring.output.ansi.enabled=always
java_class_path (initial): C:\Users\Vinayak\Documents\workspace-spring-tool-suite-4-4.13.0.RELEASE\bpoBackend\target\classes;C:\Users\Vinayak\.m2\repository\org\springframework\boot\spring-boot-starter-data-jpa\2.6.2\spring-boot-starter-data-jpa-2.6.2.jar;C:\Users\Vinayak\.m2\repository\org\springframework\boot\spring-boot-starter-aop\2.6.2\spring-boot-starter-aop-2.6.2.jar;C:\Users\Vinayak\.m2\repository\org\springframework\spring-aop\5.3.14\spring-aop-5.3.14.jar;C:\Users\Vinayak\.m2\repository\org\aspectj\aspectjweaver\1.9.7\aspectjweaver-1.9.7.jar;C:\Users\Vinayak\.m2\repository\org\springframework\boot\spring-boot-starter-jdbc\2.6.2\spring-boot-starter-jdbc-2.6.2.jar;C:\Users\Vinayak\.m2\repository\com\zaxxer\HikariCP\4.0.3\HikariCP-4.0.3.jar;C:\Users\Vinayak\.m2\repository\org\springframework\spring-jdbc\5.3.14\spring-jdbc-5.3.14.jar;C:\Users\Vinayak\.m2\repository\jakarta\transaction\jakarta.transaction-api\1.3.3\jakarta.transaction-api-1.3.3.jar;C:\Users\Vinayak\.m2\repository\jakarta\persistence\jakarta.persistence-api\2.2.3\jakarta.persistence-api-2.2.3.jar;C:\Users\Vinayak\.m2\repository\org\hibernate\hibernate-core\5.6.3.Final\hibernate-core-5.6.3.Final.jar;C:\Users\Vinayak\.m2\repository\org\jboss\logging\jboss-logging\3.4.2.Final\jboss-logging-3.4.2.Final.jar;C:\Users\Vinayak\.m2\repository\net\bytebuddy\byte-buddy\1.11.22\byte-buddy-1.11.22.jar;C:\Users\Vinayak\.m2\repository\antlr\antlr\2.7.7\antlr-2.7.7.jar;C:\Users\Vinayak\.m2\repository\org\jboss\jandex\2.2.3.Final\jandex-2.2.3.Final.jar;C:\Users\Vinayak\.m2\repository\com\fasterxml\classmate\1.5.1\classmate-1.5.1.jar;C:\Users\Vinayak\.m2\repository\org\hibernate\common\hibernate-commons-annotations\5.1.2.Final\hibernate-commons-annotations-5.1.2.Final.jar;C:\Users\Vinayak\.m2\repository\org\glassfish\jaxb\jaxb-runtime\2.3.5\jaxb-runtime-2.3.5.jar;C:\Users\Vinayak\.m2\repository\org\glassfish\jaxb\txw2\2.3.5\txw2-2.3.5.jar;C:\Users\Vinayak\.m2\repository\com\sun\istack\istack-commons-runtime\3.0.
Launcher Type: SUN_STANDARD

[Global flags]
     intx CICompilerCount                          = 3                                         {product} {ergonomic}
     uint ConcGCThreads                            = 1                                         {product} {ergonomic}
     uint G1ConcRefinementThreads                  = 4                                         {product} {ergonomic}
   size_t G1HeapRegionSize                         = 1048576                                   {product} {ergonomic}
    uintx GCDrainStackTargetSize                   = 64                                        {product} {ergonomic}
   size_t InitialHeapSize                          = 67108864                                  {product} {ergonomic}
     bool ManagementServer                         = true                                      {product} {command line}
   size_t MarkStackSize                            = 4194304                                   {product} {ergonomic}
   size_t MaxHeapSize                              = 1050673152                                {product} {ergonomic}
   size_t MaxNewSize                               = 630194176                                 {product} {ergonomic}
   size_t MinHeapDeltaBytes                        = 1048576                                   {product} {ergonomic}
   size_t MinHeapSize                              = 8388608                                   {product} {ergonomic}
    uintx NonProfiledCodeHeapSize                  = 0                                      {pd product} {ergonomic}
     bool ProfileInterpreter                       = false                                  {pd product} {command line}
    uintx ProfiledCodeHeapSize                     = 0                                      {pd product} {ergonomic}
     bool ShowCodeDetailsInExceptionMessages       = true                                   {manageable} {command line}
   size_t SoftMaxHeapSize                          = 1050673152                             {manageable} {ergonomic}
     intx TieredStopAtLevel                        = 1                                         {product} {command line}
     bool UseCompressedClassPointers               = true                           {product lp64_product} {ergonomic}
     bool UseCompressedOops                        = true                           {product lp64_product} {ergonomic}
     bool UseG1GC                                  = true                                      {product} {ergonomic}
     bool UseLargePagesIndividualAllocation        = false                                  {pd product} {ergonomic}

Logging:
Log output configuration:
 #0: stdout all=warning uptime,level,tags
 #1: stderr all=off uptime,level,tags

Environment Variables:
JAVA_HOME=C:\Program Files\Java\jdk1.8.0_91
CLASSPATH=C:\Users\Vinayak\Downloads\mysql-connector.jar
PATH=C:/Users/Vinayak/Downloads/sts-4.13.0.RELEASE//plugins/org.eclipse.justj.openjdk.hotspot.jre.full.win32.x86_64_17.0.1.v20211116-1657/jre/bin/server;C:/Users/Vinayak/Downloads/sts-4.13.0.RELEASE//plugins/org.eclipse.justj.openjdk.hotspot.jre.full.win32.x86_64_17.0.1.v20211116-1657/jre/bin;C:\ProgramData\Oracle\Java\javapath;C:\oracle\product\10.2.0\db_1\bin;C:\Program Files (x86)\Intel\iCLS Client\;C:\Program Files\Intel\iCLS Client\;C:\WINDOWS\system32;C:\WINDOWS;C:\WINDOWS\System32\Wbem;C:\WINDOWS\System32\WindowsPowerShell\v1.0\;C:\Program Files (x86)\Intel\Intel(R) Management Engine Components\DAL;C:\Program Files\Intel\Intel(R) Management Engine Components\DAL;C:\Program Files (x86)\Intel\Intel(R) Management Engine Components\IPT;C:\Program Files\Intel\Intel(R) Management Engine Components\IPT;C:\WINDOWS\System32\OpenSSH\;C:\Program Files\Java\jdk1.8.0_91\bin;C:\Program Files\Intel\WiFi\bin\;C:\Program Files\Common Files\Intel\WirelessCommon\;C:\Program Files\Java\jdk1.8.0_91;C:\Program Files\Java\jre1.8.0_91;C:\Program Files\MySQL\MySQL Server 8.0\bin;C:\Program Files\Git\cmd;C:\Program Files\nodejs\;C:\Program Files\MySQL\MySQL Shell 8.0\bin\;C:\Users\Vinayak\AppData\Local\Microsoft\WindowsApps;;C:\Users\Vinayak\AppData\Local\Programs\Microsoft VS Code\bin;C:\Users\Vinayak\AppData\Roaming\npm;C:\Users\Vinayak\Downloads\sts-4.13.0.RELEASE;
USERNAME=Vinayak
OS=Windows_NT
PROCESSOR_IDENTIFIER=Intel64 Family 6 Model 61 Stepping 4, GenuineIntel



---------------  S Y S T E M  ---------------

OS:
 Windows 10 , 64 bit Build 19041 (10.0.19041.1348)
OS uptime: 4 days 23:53 hours

CPU: total 4 (initial active 4) (2 cores per cpu, 2 threads per core) family 6 model 61 stepping 4 microcode 0x2d, cx8, cmov, fxsr, ht, mmx, 3dnowpref, sse, sse2, sse3, ssse3, sse4.1, sse4.2, popcnt, lzcnt, tsc, tscinvbit, avx, avx2, aes, erms, clmul, bmi1, bmi2, adx, fma, vzeroupper, clflush

Memory: 4k page, system-wide physical 4005M (658M free)
TotalPageFile size 16293M (AvailPageFile size 319M)
current process WorkingSet (physical memory assigned to process): 33M, peak: 183M
current process commit charge ("private bytes"): 208M, peak: 208M

vm_info: OpenJDK 64-Bit Server VM (17.0.1+12) for windows-amd64 JRE (17.0.1+12), built on Oct 20 2021 07:42:55 by "" with MS VC++ 16.7 (VS2019)

END.
